app/build/outputs/logs/manifest-merger-debug-report.txt
-- Merging decision tree log ---
manifest
ADDED from src/main/AndroidManifest.xml:3:1-116:12
	package
		ADDED from src/main/AndroidManifest.xml:4:5-48
		INJECTED from src/main/AndroidManifest.xml
		INJECTED from src/main/AndroidManifest.xml
	android:versionName
		ADDED from src/main/AndroidManifest.xml:6:5-30
		INJECTED from src/main/AndroidManifest.xml
		INJECTED from src/main/AndroidManifest.xml
	android:versionCode
		ADDED from src/main/AndroidManifest.xml:5:5-28
		INJECTED from src/main/AndroidManifest.xml
		INJECTED from src/main/AndroidManifest.xml
	xmlns:android
		ADDED from src/main/AndroidManifest.xml:3:11-69
uses-sdk
ADDED from src/main/AndroidManifest.xml:8:5-42
MERGED from [com.android.support:appcompat-v7:25.3.1] AndroidManifest.xml:21:5-23:78
MERGED from [com.android.support:support-v4:25.3.1] AndroidManifest.xml:21:5-23:54
MERGED from [com.android.support:support-fragment:25.3.1] AndroidManifest.xml:21:5-23:60
MERGED from [com.android.support:support-media-compat:25.3.1] AndroidManifest.xml:21:5-23:63
MERGED from [com.android.support:support-core-ui:25.3.1] AndroidManifest.xml:21:5-23:58
MERGED from [com.android.support:support-core-utils:25.3.1] AndroidManifest.xml:21:5-23:61
MERGED from [com.android.support:animated-vector-drawable:25.3.1] AndroidManifest.xml:20:5-44
MERGED from [com.android.support:support-vector-drawable:25.3.1] AndroidManifest.xml:20:5-43
MERGED from [com.android.support:support-compat:25.3.1] AndroidManifest.xml:21:5-23:58
MERGED from [com.android.support.constraint:constraint-layout:1.0.2] AndroidManifest.xml:5:5-7:41
	tools:overrideLibrary
		ADDED from [com.android.support:appcompat-v7:25.3.1] AndroidManifest.xml:23:9-75
	android:targetSdkVersion
		INJECTED from src/main/AndroidManifest.xml
		INJECTED from src/main/AndroidManifest.xml
	android:minSdkVersion
		ADDED from src/main/AndroidManifest.xml:8:15-40
		INJECTED from src/main/AndroidManifest.xml
		INJECTED from src/main/AndroidManifest.xml
uses-permission#android.permission.RECORD_AUDIO
ADDED from src/main/AndroidManifest.xml:9:5-70
	android:name
		ADDED from src/main/AndroidManifest.xml:9:22-68
uses-permission#android.permission.WRITE_EXTERNAL_STORAGE
ADDED from src/main/AndroidManifest.xml:10:5-80
	android:name
		ADDED from src/main/AndroidManifest.xml:10:22-78
uses-permission#android.permission.INTERNET
ADDED from src/main/AndroidManifest.xml:11:5-66
	android:name
		ADDED from src/main/AndroidManifest.xml:11:22-64
uses-permission#android.permission.ACCESS_FINE_LOCATION
ADDED from src/main/AndroidManifest.xml:12:5-78
	android:name
		ADDED from src/main/AndroidManifest.xml:12:22-76
uses-permission#android.permission.CAMERA
ADDED from src/main/AndroidManifest.xml:13:5-64
	android:name
		ADDED from src/main/AndroidManifest.xml:13:22-62
uses-permission#android.permission.ACCESS_NETWORK_STATE
ADDED from src/main/AndroidManifest.xml:14:5-78
	android:name
		ADDED from src/main/AndroidManifest.xml:14:22-76
application
ADDED from src/main/AndroidManifest.xml:16:5-115:19
MERGED from [com.android.support:appcompat-v7:25.3.1] AndroidManifest.xml:29:5-20
MERGED from [com.android.support:support-v4:25.3.1] AndroidManifest.xml:29:5-20
MERGED from [com.android.support:support-fragment:25.3.1] AndroidManifest.xml:29:5-20
MERGED from [com.android.support:support-media-compat:25.3.1] AndroidManifest.xml:29:5-20
MERGED from [com.android.support:support-core-ui:25.3.1] AndroidManifest.xml:29:5-20
MERGED from [com.android.support:support-core-utils:25.3.1] AndroidManifest.xml:29:5-20
MERGED from [com.android.support:animated-vector-drawable:25.3.1] AndroidManifest.xml:26:5-20
MERGED from [com.android.support:support-vector-drawable:25.3.1] AndroidManifest.xml:26:5-20
MERGED from [com.android.support:support-compat:25.3.1] AndroidManifest.xml:29:5-20
MERGED from [com.android.support.constraint:constraint-layout:1.0.2] AndroidManifest.xml:9:5-20
	android:label
		ADDED from src/main/AndroidManifest.xml:18:9-41
	android:icon
		ADDED from src/main/AndroidManifest.xml:17:9-45
	android:theme
		ADDED from src/main/AndroidManifest.xml:20:9-56
	android:name
		ADDED from src/main/AndroidManifest.xml:19:9-50
activity#com.niketgoel.niketexpensemanager.Home
ADDED from src/main/AndroidManifest.xml:21:9-30:20
	android:screenOrientation
		ADDED from src/main/AndroidManifest.xml:24:7-43
	android:label
		ADDED from src/main/AndroidManifest.xml:22:13-45
	android:configChanges
		ADDED from src/main/AndroidManifest.xml:25:7-57
	android:name
		ADDED from src/main/AndroidManifest.xml:23:13-33
intent-filter#android.intent.action.MAIN+android.intent.category.LAUNCHER
ADDED from src/main/AndroidManifest.xml:26:13-29:29
action#android.intent.action.MAIN
ADDED from src/main/AndroidManifest.xml:27:17-69
	android:name
		ADDED from src/main/AndroidManifest.xml:27:25-66
category#android.intent.category.LAUNCHER
ADDED from src/main/AndroidManifest.xml:28:17-77
	android:name
		ADDED from src/main/AndroidManifest.xml:28:27-74
activity#com.niketgoel.niketexpensemanager.entry.Text
ADDED from src/main/AndroidManifest.xml:32:9-36:68
	android:screenOrientation
		ADDED from src/main/AndroidManifest.xml:34:7-43
	android:windowSoftInputMode
		ADDED from src/main/AndroidManifest.xml:36:7-65
	android:configChanges
		ADDED from src/main/AndroidManifest.xml:35:7-57
	android:name
		ADDED from src/main/AndroidManifest.xml:33:13-39
activity#com.niketgoel.niketexpensemanager.entry.Voice
ADDED from src/main/AndroidManifest.xml:37:9-41:68
	android:screenOrientation
		ADDED from src/main/AndroidManifest.xml:39:7-43
	android:windowSoftInputMode
		ADDED from src/main/AndroidManifest.xml:41:7-65
	android:configChanges
		ADDED from src/main/AndroidManifest.xml:40:7-57
	android:name
		ADDED from src/main/AndroidManifest.xml:38:13-40
activity#com.niketgoel.niketexpensemanager.entry.CameraEntry
ADDED from src/main/AndroidManifest.xml:42:9-46:68
	android:screenOrientation
		ADDED from src/main/AndroidManifest.xml:44:7-43
	android:windowSoftInputMode
		ADDED from src/main/AndroidManifest.xml:46:7-65
	android:configChanges
		ADDED from src/main/AndroidManifest.xml:45:7-57
	android:name
		ADDED from src/main/AndroidManifest.xml:43:13-46
activity#com.niketgoel.niketexpensemanager.expenselisting.ExpenseListing
ADDED from src/main/AndroidManifest.xml:47:9-50:60
	android:screenOrientation
		ADDED from src/main/AndroidManifest.xml:49:7-43
	android:configChanges
		ADDED from src/main/AndroidManifest.xml:50:7-57
	android:name
		ADDED from src/main/AndroidManifest.xml:48:13-58
activity#com.niketgoel.niketexpensemanager.expenselisting.ExpenseSubListing
ADDED from src/main/AndroidManifest.xml:51:9-54:60
	android:screenOrientation
		ADDED from src/main/AndroidManifest.xml:53:7-43
	android:configChanges
		ADDED from src/main/AndroidManifest.xml:54:7-57
	android:name
		ADDED from src/main/AndroidManifest.xml:52:13-61
activity#com.niketgoel.niketexpensemanager.entry.FavoriteEntry
ADDED from src/main/AndroidManifest.xml:55:9-59:49
	android:screenOrientation
		ADDED from src/main/AndroidManifest.xml:57:7-43
	android:windowSoftInputMode
		ADDED from src/main/AndroidManifest.xml:59:7-46
	android:configChanges
		ADDED from src/main/AndroidManifest.xml:58:7-57
	android:name
		ADDED from src/main/AndroidManifest.xml:56:13-48
activity#com.niketgoel.niketexpensemanager.show.ShowVoice
ADDED from src/main/AndroidManifest.xml:60:6-63:63
	android:screenOrientation
		ADDED from src/main/AndroidManifest.xml:62:10-46
	android:configChanges
		ADDED from src/main/AndroidManifest.xml:63:10-60
	android:name
		ADDED from src/main/AndroidManifest.xml:61:13-43
activity#com.niketgoel.niketexpensemanager.show.ShowCamera
ADDED from src/main/AndroidManifest.xml:64:9-67:63
	android:screenOrientation
		ADDED from src/main/AndroidManifest.xml:66:10-46
	android:configChanges
		ADDED from src/main/AndroidManifest.xml:67:10-60
	android:name
		ADDED from src/main/AndroidManifest.xml:65:13-44
activity#com.niketgoel.niketexpensemanager.show.ShowText
ADDED from src/main/AndroidManifest.xml:68:9-71:63
	android:screenOrientation
		ADDED from src/main/AndroidManifest.xml:70:10-46
	android:configChanges
		ADDED from src/main/AndroidManifest.xml:71:10-60
	android:name
		ADDED from src/main/AndroidManifest.xml:69:13-42
activity#com.niketgoel.niketexpensemanager.utils.ImagePreview
ADDED from src/main/AndroidManifest.xml:72:9-76:60
	android:screenOrientation
		ADDED from src/main/AndroidManifest.xml:75:7-43
	android:configChanges
		ADDED from src/main/AndroidManifest.xml:76:7-57
	android:theme
		ADDED from src/main/AndroidManifest.xml:74:13-56
	android:name
		ADDED from src/main/AndroidManifest.xml:73:13-47
activity#com.niketgoel.niketexpensemanager.cameraservice.Camera
ADDED from src/main/AndroidManifest.xml:77:9-81:60
	android:screenOrientation
		ADDED from src/main/AndroidManifest.xml:80:7-44
	android:configChanges
		ADDED from src/main/AndroidManifest.xml:81:7-57
	android:theme
		ADDED from src/main/AndroidManifest.xml:79:13-77
	android:name
		ADDED from src/main/AndroidManifest.xml:78:13-49
activity#com.niketgoel.niketexpensemanager.Preferences
ADDED from src/main/AndroidManifest.xml:82:9-86:60
	android:screenOrientation
		ADDED from src/main/AndroidManifest.xml:85:7-43
	android:configChanges
		ADDED from src/main/AndroidManifest.xml:86:7-57
	android:theme
		ADDED from src/main/AndroidManifest.xml:84:13-52
	android:name
		ADDED from src/main/AndroidManifest.xml:83:13-40
activity#com.niketgoel.niketexpensemanager.expenselisting.ThisWeek
ADDED from src/main/AndroidManifest.xml:87:9-90:60
	android:screenOrientation
		ADDED from src/main/AndroidManifest.xml:89:7-43
	android:configChanges
		ADDED from src/main/AndroidManifest.xml:90:7-57
	android:name
		ADDED from src/main/AndroidManifest.xml:88:13-52
activity#com.niketgoel.niketexpensemanager.expenselisting.ThisMonth
ADDED from src/main/AndroidManifest.xml:91:9-94:60
	android:screenOrientation
		ADDED from src/main/AndroidManifest.xml:93:7-43
	android:configChanges
		ADDED from src/main/AndroidManifest.xml:94:7-57
	android:name
		ADDED from src/main/AndroidManifest.xml:92:13-53
activity#com.niketgoel.niketexpensemanager.expenselisting.ThisYear
ADDED from src/main/AndroidManifest.xml:95:9-98:60
	android:screenOrientation
		ADDED from src/main/AndroidManifest.xml:97:7-43
	android:configChanges
		ADDED from src/main/AndroidManifest.xml:98:7-57
	android:name
		ADDED from src/main/AndroidManifest.xml:96:13-52
activity#com.niketgoel.niketexpensemanager.expenselisting.All
ADDED from src/main/AndroidManifest.xml:99:9-102:60
	android:screenOrientation
		ADDED from src/main/AndroidManifest.xml:101:7-43
	android:configChanges
		ADDED from src/main/AndroidManifest.xml:102:7-57
	android:name
		ADDED from src/main/AndroidManifest.xml:100:13-47
activity#com.niketgoel.niketexpensemanager.GenerateReport
ADDED from src/main/AndroidManifest.xml:103:10-106:60
	android:screenOrientation
		ADDED from src/main/AndroidManifest.xml:105:7-43
	android:configChanges
		ADDED from src/main/AndroidManifest.xml:106:7-57
	android:name
		ADDED from src/main/AndroidManifest.xml:104:13-43
activity#com.niketgoel.niketexpensemanager.sync.LoginType
ADDED from src/main/AndroidManifest.xml:107:10-110:60
	android:screenOrientation
		ADDED from src/main/AndroidManifest.xml:109:7-43
	android:configChanges
		ADDED from src/main/AndroidManifest.xml:110:7-57
	android:name
		ADDED from src/main/AndroidManifest.xml:108:13-43
activity#com.niketgoel.niketexpensemanager.sync.UserAuthentication
ADDED from src/main/AndroidManifest.xml:111:10-114:60
	android:screenOrientation
		ADDED from src/main/AndroidManifest.xml:113:7-43
	android:configChanges
		ADDED from src/main/AndroidManifest.xml:114:7-57
	android:name
		ADDED from src/main/AndroidManifest.xml:112:13-52
meta-data#android.support.VERSION
ADDED from [com.android.support:appcompat-v7:25.3.1] AndroidManifest.xml:25:5-27:34
MERGED from [com.android.support:support-v4:25.3.1] AndroidManifest.xml:25:5-27:34
MERGED from [com.android.support:support-fragment:25.3.1] AndroidManifest.xml:25:5-27:34
MERGED from [com.android.support:support-media-compat:25.3.1] AndroidManifest.xml:25:5-27:34
MERGED from [com.android.support:support-core-ui:25.3.1] AndroidManifest.xml:25:5-27:34
MERGED from [com.android.support:support-core-utils:25.3.1] AndroidManifest.xml:25:5-27:34
MERGED from [com.android.support:animated-vector-drawable:25.3.1] AndroidManifest.xml:22:5-24:34
MERGED from [com.android.support:support-vector-drawable:25.3.1] AndroidManifest.xml:22:5-24:34
MERGED from [com.android.support:support-compat:25.3.1] AndroidManifest.xml:25:5-27:34
	android:value
		ADDED from [com.android.support:appcompat-v7:25.3.1] AndroidManifest.xml:27:9-31
	android:name
		ADDED from [com.android.support:appcompat-v7:25.3.1] AndroidManifest.xml:26:9-47